#
# A fatal error has been detected by the Java Runtime Environment:
#
#  SIGBUS (0xa) at pc=0x000000010997b016, pid=9233, tid=24079
#
# JRE version: Java(TM) SE Runtime Environment (7.0_80-b15) (build 1.7.0_80-b15)
# Java VM: Java HotSpot(TM) 64-Bit Server VM (24.80-b11 mixed mode bsd-amd64 compressed oops)
# Problematic frame:
# C  [libzip.dylib+0x3016]  newEntry+0x154
#
# Failed to write core dump. Core dumps have been disabled. To enable core dumping, try "ulimit -c unlimited" before starting Java again
#
# If you would like to submit a bug report, please visit:
#   http://bugreport.java.com/bugreport/crash.jsp
# The crash happened outside the Java Virtual Machine in native code.
# See problematic frame for where to report the bug.
#

---------------  T H R E A D  ---------------

Current thread (0x00007f9a0a0ec800):  JavaThread "Daemon worker Thread 4" [_thread_in_native, id=24079, stack(0x0000000114985000,0x0000000114a85000)]

siginfo:si_signo=SIGBUS: si_errno=0, si_code=2 (BUS_ADRERR), si_addr=0x000000011396ed4a

Registers:
RAX=0x00007f9a09d131a0, RBX=0x000000011396ed3e, RCX=0x0000000000000801, RDX=0x0000000000000808
RSP=0x0000000114a819b0, RBP=0x0000000114a81a10, RSI=0x00007f9a0c400000, RDI=0x0000000108cd2e00
R8 =0x0000000000000004, R9 =0x00000000fffffffe, R10=0x000000010a2894d8, R11=0xfffffff928619dbe
R12=0x00000000000005d0, R13=0x00007f9a0a805600, R14=0x00007f9a09d131a0, R15=0x00007f9a0c0480b0
RIP=0x000000010997b016, EFLAGS=0x0000000000010202, ERR=0x0000000000000004
  TRAPNO=0x000000000000000e

Top of Stack: (sp=0x0000000114a819b0)
0x0000000114a819b0:   0000000014a81e00 000000000997a4cf
0x0000000114a819c0:   0000000000000000 006f000100000001
0x0000000114a819d0:   0000000114a819f0 00007f9a09d131a0
0x0000000114a819e0:   00007f9a0c489dc0 00000000dd2b4331
0x0000000114a819f0:   00000000000005d0 00007f9a0a805600
0x0000000114a81a00:   00007f9a09d131a0 00007f9a0c0480b0
0x0000000114a81a10:   0000000114a81a60 000000010997b684
0x0000000114a81a20:   000000000000002f 0000002f0a0ec800
0x0000000114a81a30:   0000000114a81a7e 0000000114a81ec8
0x0000000114a81a40:   000000000000002f 0000000114a81a7e
0x0000000114a81a50:   00007f9a09d131a0 00007f9a0a0ec9e8
0x0000000114a81a60:   0000000114a81eb0 000000010997a4cf
0x0000000114a81a70:   0000000114a81f60 726f000000000001
0x0000000114a81a80:   656c646172672f67 616e7265746e692f
0x0000000114a81a90:   7470656378652f6c 6e6f432f736e6f69
0x0000000114a81aa0:   2e6c617574786574 0000007373616c63
0x0000000114a81ab0:   0000000114a81e80 0000000000000000
0x0000000114a81ac0:   0000000000000000 0000000114a823a0
0x0000000114a81ad0:   0000000000000025 0000000000000000
0x0000000114a81ae0:   0000000114a81eb0 0000000114a81af8
0x0000000114a81af0:   0000000000000000 000000010930f574
0x0000000114a81b00:   0000000000000005 0000000109932b58
0x0000000114a81b10:   0000003000000010 0000000114a820f0
0x0000000114a81b20:   0000000114a82010 0000000109061053
0x0000000114a81b30:   0000003000000010 00000001105a7710
0x0000000114a81b40:   00000007b0268fa0 00000001105a7710
0x0000000114a81b50:   00007f9a0a0ec800 00007f9a0a0ec800
0x0000000114a81b60:   00000001105a54c0 00000007b0269330
0x0000000114a81b70:   0000000114a81ba0 000000010905768c
0x0000000114a81b80:   6e616c2f6176616a 00007f9a0a0ec800
0x0000000114a81b90:   00007f9a09cd0f78 00007f9a0a0ec800
0x0000000114a81ba0:   0000000000000000 0000000114a82900 

Instructions: (pc=0x000000010997b016)
0x000000010997aff6:   49 8b 7f 38 e8 9b 1a 00 00 4d 89 77 38 49 89 5f
0x000000010997b006:   40 4c 89 f0 48 85 c0 0f 84 16 05 00 00 48 89 c3
0x000000010997b016:   0f b6 43 0c 0f b6 4b 0d 48 c1 e1 08 48 01 c1 0f
0x000000010997b026:   b6 43 0e 0f b6 53 0f 48 c1 e2 08 48 01 c2 48 c1 

Register to memory mapping:

RAX=0x00007f9a09d131a0 is an unknown value
RBX=0x000000011396ed3e is an unknown value
RCX=0x0000000000000801 is an unknown value
RDX=0x0000000000000808 is an unknown value
RSP=0x0000000114a819b0 is pointing into the stack for thread: 0x00007f9a0a0ec800
RBP=0x0000000114a81a10 is pointing into the stack for thread: 0x00007f9a0a0ec800
RSI=0x00007f9a0c400000 is an unknown value
RDI=0x0000000108cd2e00 is an unknown value
R8 =0x0000000000000004 is an unknown value
R9 =0x00000000fffffffe is an unknown value
R10=0x000000010a2894d8 is at entry_point+88 in (nmethod*)0x000000010a289310
R11=0xfffffff928619dbe is an unknown value
R12=0x00000000000005d0 is an unknown value
R13=0x00007f9a0a805600 is an unknown value
R14=0x00007f9a09d131a0 is an unknown value
R15=0x00007f9a0c0480b0 is an unknown value


Stack: [0x0000000114985000,0x0000000114a85000],  sp=0x0000000114a819b0,  free space=1010k
Native frames: (J=compiled Java code, j=interpreted, Vv=VM code, C=native code)
C  [libzip.dylib+0x3016]  newEntry+0x154
C  [libzip.dylib+0x3684]  ZIP_GetEntry+0xa2
C  [libzip.dylib+0x24cf]  Java_java_util_zip_ZipFile_getEntry+0xdd
J 85  java.util.zip.ZipFile.getEntry(J[BZ)J (0 bytes) @ 0x000000010a28954e [0x000000010a289480+0xce]

Java frames: (J=compiled Java code, j=interpreted, Vv=VM code)
J 85  java.util.zip.ZipFile.getEntry(J[BZ)J (0 bytes) @ 0x000000010a2894d8 [0x000000010a289480+0x58]
J 86 C2 java.util.zip.ZipFile.getEntry(Ljava/lang/String;)Ljava/util/zip/ZipEntry; (86 bytes) @ 0x000000010a29b884 [0x000000010a29b7c0+0xc4]
J 698 C2 sun.misc.URLClassPath$JarLoader.getResource(Ljava/lang/String;Z)Lsun/misc/Resource; (91 bytes) @ 0x000000010a534928 [0x000000010a5348a0+0x88]
J 619 C2 sun.misc.URLClassPath.getResource(Ljava/lang/String;Z)Lsun/misc/Resource; (74 bytes) @ 0x000000010a4ee470 [0x000000010a4ee400+0x70]
J 247 C2 java.net.URLClassLoader$1.run()Ljava/lang/Object; (5 bytes) @ 0x000000010a280afc [0x000000010a280920+0x1dc]
v  ~StubRoutines::call_stub
J 246  java.security.AccessController.doPrivileged(Ljava/security/PrivilegedExceptionAction;Ljava/security/AccessControlContext;)Ljava/lang/Object; (0 bytes) @ 0x000000010a2b6ae3 [0x000000010a2b6a80+0x63]
J 244 C2 java.net.URLClassLoader.findClass(Ljava/lang/String;)Ljava/lang/Class; (29 bytes) @ 0x000000010a2815d4 [0x000000010a281540+0x94]
j  java.lang.ClassLoader.loadClass(Ljava/lang/String;Z)Ljava/lang/Class;+70
J 403 C2 java.lang.ClassLoader.loadClass(Ljava/lang/String;)Ljava/lang/Class; (7 bytes) @ 0x000000010a2bbbfc [0x000000010a2bbba0+0x5c]
v  ~StubRoutines::call_stub
j  org.gradle.initialization.DefaultExceptionAnalyser.findDeepestRootException(Ljava/lang/Throwable;)Ljava/lang/Throwable;+61
j  org.gradle.initialization.DefaultExceptionAnalyser.transform(Ljava/lang/Throwable;)Ljava/lang/Throwable;+2
j  org.gradle.initialization.MultipleBuildFailuresExceptionAnalyser.transform(Ljava/lang/Throwable;)Ljava/lang/Throwable;+90
j  org.gradle.initialization.StackTraceSanitizingExceptionAnalyser.transform(Ljava/lang/Throwable;)Ljava/lang/Throwable;+5
j  org.gradle.initialization.DefaultGradleLauncher.doBuild(Lorg/gradle/initialization/DefaultGradleLauncher$Stage;)Lorg/gradle/BuildResult;+39
j  org.gradle.initialization.DefaultGradleLauncher.run()Lorg/gradle/BuildResult;+4
j  org.gradle.launcher.exec.InProcessBuildActionExecuter$DefaultBuildController.run()Lorg/gradle/api/internal/GradleInternal;+5
j  org.gradle.tooling.internal.provider.runner.BuildModelActionRunner.run(Lorg/gradle/internal/invocation/BuildAction;Lorg/gradle/internal/invocation/BuildController;)V+72
j  org.gradle.launcher.exec.ChainingBuildActionRunner.run(Lorg/gradle/internal/invocation/BuildAction;Lorg/gradle/internal/invocation/BuildController;)V+34
j  org.gradle.launcher.exec.InProcessBuildActionExecuter.execute(Lorg/gradle/internal/invocation/BuildAction;Lorg/gradle/initialization/BuildRequestContext;Lorg/gradle/launcher/exec/BuildActionParameters;)Ljava/lang/Object;+39
j  org.gradle.launcher.exec.InProcessBuildActionExecuter.execute(Lorg/gradle/internal/invocation/BuildAction;Lorg/gradle/initialization/BuildRequestContext;Ljava/lang/Object;)Ljava/lang/Object;+7
j  org.gradle.launcher.daemon.server.exec.ExecuteBuild.doBuild(Lorg/gradle/launcher/daemon/server/api/DaemonCommandExecution;Lorg/gradle/launcher/daemon/protocol/Build;)V+70
j  org.gradle.launcher.daemon.server.exec.BuildCommandOnly.execute(Lorg/gradle/launcher/daemon/server/api/DaemonCommandExecution;)V+49
j  org.gradle.launcher.daemon.server.api.DaemonCommandExecution.proceed()Z+28
j  org.gradle.launcher.daemon.server.exec.WatchForDisconnection.execute(Lorg/gradle/launcher/daemon/server/api/DaemonCommandExecution;)V+19
j  org.gradle.launcher.daemon.server.api.DaemonCommandExecution.proceed()Z+28
j  org.gradle.launcher.daemon.server.exec.ResetDeprecationLogger.execute(Lorg/gradle/launcher/daemon/server/api/DaemonCommandExecution;)V+4
j  org.gradle.launcher.daemon.server.api.DaemonCommandExecution.proceed()Z+28
j  org.gradle.launcher.daemon.server.exec.RequestStopIfSingleUsedDaemon.execute(Lorg/gradle/launcher/daemon/server/api/DaemonCommandExecution;)V+31
j  org.gradle.launcher.daemon.server.api.DaemonCommandExecution.proceed()Z+28
j  org.gradle.launcher.daemon.server.exec.ForwardClientInput$2.call()Ljava/lang/Void;+4
j  org.gradle.launcher.daemon.server.exec.ForwardClientInput$2.call()Ljava/lang/Object;+1
j  org.gradle.util.Swapper.swap(Ljava/lang/Object;Ljava/util/concurrent/Callable;)Ljava/lang/Object;+21
j  org.gradle.launcher.daemon.server.exec.ForwardClientInput.execute(Lorg/gradle/launcher/daemon/server/api/DaemonCommandExecution;)V+63
j  org.gradle.launcher.daemon.server.api.DaemonCommandExecution.proceed()Z+28
j  org.gradle.launcher.daemon.server.health.DaemonHealthTracker.execute(Lorg/gradle/launcher/daemon/server/api/DaemonCommandExecution;)V+35
j  org.gradle.launcher.daemon.server.api.DaemonCommandExecution.proceed()Z+28
j  org.gradle.launcher.daemon.server.exec.LogToClient.doBuild(Lorg/gradle/launcher/daemon/server/api/DaemonCommandExecution;Lorg/gradle/launcher/daemon/protocol/Build;)V+106
j  org.gradle.launcher.daemon.server.exec.BuildCommandOnly.execute(Lorg/gradle/launcher/daemon/server/api/DaemonCommandExecution;)V+49
j  org.gradle.launcher.daemon.server.api.DaemonCommandExecution.proceed()Z+28
j  org.gradle.launcher.daemon.server.exec.EstablishBuildEnvironment.doBuild(Lorg/gradle/launcher/daemon/server/api/DaemonCommandExecution;Lorg/gradle/launcher/daemon/protocol/Build;)V+243
j  org.gradle.launcher.daemon.server.exec.BuildCommandOnly.execute(Lorg/gradle/launcher/daemon/server/api/DaemonCommandExecution;)V+49
j  org.gradle.launcher.daemon.server.api.DaemonCommandExecution.proceed()Z+28
j  org.gradle.launcher.daemon.server.health.HintGCAfterBuild.execute(Lorg/gradle/launcher/daemon/server/api/DaemonCommandExecution;)V+1
j  org.gradle.launcher.daemon.server.api.DaemonCommandExecution.proceed()Z+28
j  org.gradle.launcher.daemon.server.exec.StartBuildOrRespondWithBusy$1.run()V+44
j  org.gradle.launcher.daemon.server.DaemonStateCoordinator$1.run()V+4
j  org.gradle.internal.concurrent.ExecutorPolicy$CatchAndRecordFailures.onExecute(Ljava/lang/Runnable;)V+1
j  org.gradle.internal.concurrent.StoppableExecutorImpl$1.run()V+25
j  java.util.concurrent.ThreadPoolExecutor.runWorker(Ljava/util/concurrent/ThreadPoolExecutor$Worker;)V+95
j  java.util.concurrent.ThreadPoolExecutor$Worker.run()V+5
j  java.lang.Thread.run()V+11
v  ~StubRoutines::call_stub

---------------  P R O C E S S  ---------------

Java Threads: ( => current thread )
  0x00007f9a0be80800 JavaThread "Stdin handler" [_thread_blocked, id=26387, stack(0x0000000114a88000,0x0000000114b88000)]
=>0x00007f9a0a0ec800 JavaThread "Daemon worker Thread 4" [_thread_in_native, id=24079, stack(0x0000000114985000,0x0000000114a85000)]
  0x00007f9a0dcb0000 JavaThread "Cancel handler" [_thread_blocked, id=26639, stack(0x0000000114882000,0x0000000114982000)]
  0x00007f9a0b84f000 JavaThread "Handler for socket connection from /127.0.0.1:57236 to /127.0.0.1:60256" [_thread_in_native, id=26127, stack(0x000000011477f000,0x000000011487f000)]
  0x00007f9a0daec800 JavaThread "Daemon Thread 4" [_thread_blocked, id=19475, stack(0x000000011467c000,0x000000011477c000)]
  0x00007f9a0b2cb800 JavaThread "File lock request listener" [_thread_in_native, id=21763, stack(0x0000000114b8e000,0x0000000114c8e000)]
  0x00007f9a0b243000 JavaThread "Incoming local TCP Connector on port 57236" [_thread_in_native, id=18691, stack(0x000000011443b000,0x000000011453b000)]
  0x00007f9a0b032000 JavaThread "Service Thread" daemon [_thread_blocked, id=17667, stack(0x000000011372a000,0x000000011382a000)]
  0x00007f9a0b031800 JavaThread "C2 CompilerThread1" daemon [_thread_blocked, id=17155, stack(0x0000000113627000,0x0000000113727000)]
  0x00007f9a0b044800 JavaThread "C2 CompilerThread0" daemon [_thread_blocked, id=16643, stack(0x0000000113524000,0x0000000113624000)]
  0x00007f9a0a80d800 JavaThread "Signal Dispatcher" daemon [_thread_blocked, id=13335, stack(0x0000000113421000,0x0000000113521000)]
  0x00007f9a0a00d800 JavaThread "Finalizer" daemon [_thread_blocked, id=11523, stack(0x0000000111a1b000,0x0000000111b1b000)]
  0x00007f9a0a00d000 JavaThread "Reference Handler" daemon [_thread_blocked, id=11011, stack(0x0000000111918000,0x0000000111a18000)]
  0x00007f9a0b003800 JavaThread "main" [_thread_blocked, id=4867, stack(0x000000010982f000,0x000000010992f000)]

Other Threads:
  0x00007f9a0b827800 VMThread [stack: 0x0000000111815000,0x0000000111915000] [id=10499]
  0x00007f9a0b03a000 WatcherThread [stack: 0x000000011382d000,0x000000011392d000] [id=18179]

VM state:not at safepoint (normal execution)

VM Mutex/Monitor currently owned by a thread: None

Heap
 PSYoungGen      total 319488K, used 26982K [0x00000007eaa80000, 0x00000007ffe00000, 0x0000000800000000)
  eden space 292352K, 9% used [0x00000007eaa80000,0x00000007ec4d9a08,0x00000007fc800000)
  from space 27136K, 0% used [0x00000007fe380000,0x00000007fe380000,0x00000007ffe00000)
  to   space 27648K, 0% used [0x00000007fc800000,0x00000007fc800000,0x00000007fe300000)
 ParOldGen       total 174592K, used 49894K [0x00000007c0000000, 0x00000007caa80000, 0x00000007eaa80000)
  object space 174592K, 28% used [0x00000007c0000000,0x00000007c30b9a00,0x00000007caa80000)
 PSPermGen       total 110592K, used 55096K [0x00000007b0000000, 0x00000007b6c00000, 0x00000007c0000000)
  object space 110592K, 49% used [0x00000007b0000000,0x00000007b35ce098,0x00000007b6c00000)

Card table byte_map: [0x000000010d2c0000,0x000000010d541000] byte_map_base: 0x0000000109540000

Polling page: 0x000000010996e000

Code Cache  [0x000000010a200000, 0x000000010a800000, 0x000000010d200000)
 total_blobs=2235 nmethods=1567 adapters=621 free_code_cache=43107Kb largest_free_block=44044480

Compilation events (10 events):
Event: 6510.348 Thread 0x00007f9a0b031800 nmethod 1847 0x000000010a7bc3d0 code [0x000000010a7bc560, 0x000000010a7bcb98]
Event: 6510.372 Thread 0x00007f9a0b044800 nmethod 1843 0x000000010a7fa890 code [0x000000010a7fad20, 0x000000010a7fcb98]
Event: 7419.915 Thread 0x00007f9a0b031800 1848             java.nio.ByteBuffer::get (54 bytes)
Event: 7419.919 Thread 0x00007f9a0b031800 nmethod 1848 0x000000010a74a6d0 code [0x000000010a74a820, 0x000000010a74aa78]
Event: 7419.952 Thread 0x00007f9a0b044800 1849   !         java.io.ObjectOutputStream::defaultWriteFields (270 bytes)
Event: 7419.966 Thread 0x00007f9a0b044800 nmethod 1849 0x000000010a7ec490 code [0x000000010a7ec680, 0x000000010a7ed000]
Event: 7420.011 Thread 0x00007f9a0b031800 1850             com.google.common.base.Equivalence$Equals::doEquivalent (6 bytes)
Event: 7420.012 Thread 0x00007f9a0b031800 nmethod 1850 0x000000010a7e6dd0 code [0x000000010a7e6f20, 0x000000010a7e6f98]
Event: 7420.045 Thread 0x00007f9a0b044800 1851             org.codehaus.groovy.util.SingleKeyHashMap::get (67 bytes)
Event: 7420.047 Thread 0x00007f9a0b044800 nmethod 1851 0x000000010a7a1a90 code [0x000000010a7a1c00, 0x000000010a7a1f18]

GC Heap History (10 events):
Event: 5749.856 GC heap before
{Heap before GC invocations=13 (full 1):
 PSYoungGen      total 320512K, used 304918K [0x00000007eaa80000, 0x0000000800000000, 0x0000000800000000)
  eden space 291328K, 100% used [0x00000007eaa80000,0x00000007fc700000,0x00000007fc700000)
  from space 29184K, 46% used [0x00000007fc700000,0x00000007fd445b80,0x00000007fe380000)
  to   space 28160K, 0% used [0x00000007fe480000,0x00000007fe480000,0x0000000800000000)
 ParOldGen       total 174592K, used 57941K [0x00000007c0000000, 0x00000007caa80000, 0x00000007eaa80000)
  object space 174592K, 33% used [0x00000007c0000000,0x00000007c3895760,0x00000007caa80000)
 PSPermGen       total 92160K, used 54769K [0x00000007b0000000, 0x00000007b5a00000, 0x00000007c0000000)
  object space 92160K, 59% used [0x00000007b0000000,0x00000007b357c4c8,0x00000007b5a00000)
Event: 5749.895 GC heap after
Heap after GC invocations=13 (full 1):
 PSYoungGen      total 318464K, used 9601K [0x00000007eaa80000, 0x00000007ffe00000, 0x0000000800000000)
  eden space 292352K, 0% used [0x00000007eaa80000,0x00000007eaa80000,0x00000007fc800000)
  from space 26112K, 36% used [0x00000007fe480000,0x00000007fede07d0,0x00000007ffe00000)
  to   space 27648K, 0% used [0x00000007fc800000,0x00000007fc800000,0x00000007fe300000)
 ParOldGen       total 174592K, used 60646K [0x00000007c0000000, 0x00000007caa80000, 0x00000007eaa80000)
  object space 174592K, 34% used [0x00000007c0000000,0x00000007c3b39800,0x00000007caa80000)
 PSPermGen       total 92160K, used 54769K [0x00000007b0000000, 0x00000007b5a00000, 0x00000007c0000000)
  object space 92160K, 59% used [0x00000007b0000000,0x00000007b357c4c8,0x00000007b5a00000)
}
Event: 5779.975 GC heap before
{Heap before GC invocations=14 (full 1):
 PSYoungGen      total 318464K, used 53159K [0x00000007eaa80000, 0x00000007ffe00000, 0x0000000800000000)
  eden space 292352K, 14% used [0x00000007eaa80000,0x00000007ed5096b8,0x00000007fc800000)
  from space 26112K, 36% used [0x00000007fe480000,0x00000007fede07d0,0x00000007ffe00000)
  to   space 27648K, 0% used [0x00000007fc800000,0x00000007fc800000,0x00000007fe300000)
 ParOldGen       total 174592K, used 60646K [0x00000007c0000000, 0x00000007caa80000, 0x00000007eaa80000)
  object space 174592K, 34% used [0x00000007c0000000,0x00000007c3b39800,0x00000007caa80000)
 PSPermGen       total 92160K, used 55629K [0x00000007b0000000, 0x00000007b5a00000, 0x00000007c0000000)
  object space 92160K, 60% used [0x00000007b0000000,0x00000007b3653730,0x00000007b5a00000)
Event: 5779.983 GC heap after
Heap after GC invocations=14 (full 1):
 PSYoungGen      total 320000K, used 2663K [0x00000007eaa80000, 0x00000007fff00000, 0x0000000800000000)
  eden space 292352K, 0% used [0x00000007eaa80000,0x00000007eaa80000,0x00000007fc800000)
  from space 27648K, 9% used [0x00000007fc800000,0x00000007fca99de0,0x00000007fe300000)
  to   space 28160K, 0% used [0x00000007fe380000,0x00000007fe380000,0x00000007fff00000)
 ParOldGen       total 174592K, used 65189K [0x00000007c0000000, 0x00000007caa80000, 0x00000007eaa80000)
  object space 174592K, 37% used [0x00000007c0000000,0x00000007c3fa94a8,0x00000007caa80000)
 PSPermGen       total 92160K, used 55629K [0x00000007b0000000, 0x00000007b5a00000, 0x00000007c0000000)
  object space 92160K, 60% used [0x00000007b0000000,0x00000007b3653730,0x00000007b5a00000)
}
Event: 5779.983 GC heap before
{Heap before GC invocations=15 (full 2):
 PSYoungGen      total 320000K, used 2663K [0x00000007eaa80000, 0x00000007fff00000, 0x0000000800000000)
  eden space 292352K, 0% used [0x00000007eaa80000,0x00000007eaa80000,0x00000007fc800000)
  from space 27648K, 9% used [0x00000007fc800000,0x00000007fca99de0,0x00000007fe300000)
  to   space 28160K, 0% used [0x00000007fe380000,0x00000007fe380000,0x00000007fff00000)
 ParOldGen       total 174592K, used 65189K [0x00000007c0000000, 0x00000007caa80000, 0x00000007eaa80000)
  object space 174592K, 37% used [0x00000007c0000000,0x00000007c3fa94a8,0x00000007caa80000)
 PSPermGen       total 92160K, used 55629K [0x00000007b0000000, 0x00000007b5a00000, 0x00000007c0000000)
  object space 92160K, 60% used [0x00000007b0000000,0x00000007b3653730,0x00000007b5a00000)
Event: 5780.295 GC heap after
Heap after GC invocations=15 (full 2):
 PSYoungGen      total 320000K, used 0K [0x00000007eaa80000, 0x00000007fff00000, 0x0000000800000000)
  eden space 292352K, 0% used [0x00000007eaa80000,0x00000007eaa80000,0x00000007fc800000)
  from space 27648K, 0% used [0x00000007fc800000,0x00000007fc800000,0x00000007fe300000)
  to   space 28160K, 0% used [0x00000007fe380000,0x00000007fe380000,0x00000007fff00000)
 ParOldGen       total 174592K, used 44432K [0x00000007c0000000, 0x00000007caa80000, 0x00000007eaa80000)
  object space 174592K, 25% used [0x00000007c0000000,0x00000007c2b64188,0x00000007caa80000)
 PSPermGen       total 109568K, used 54352K [0x00000007b0000000, 0x00000007b6b00000, 0x00000007c0000000)
  object space 109568K, 49% used [0x00000007b0000000,0x00000007b3514250,0x00000007b6b00000)
}
Event: 6509.725 GC heap before
{Heap before GC invocations=16 (full 2):
 PSYoungGen      total 320000K, used 141197K [0x00000007eaa80000, 0x00000007fff00000, 0x0000000800000000)
  eden space 292352K, 48% used [0x00000007eaa80000,0x00000007f3463690,0x00000007fc800000)
  from space 27648K, 0% used [0x00000007fc800000,0x00000007fc800000,0x00000007fe300000)
  to   space 28160K, 0% used [0x00000007fe380000,0x00000007fe380000,0x00000007fff00000)
 ParOldGen       total 174592K, used 44432K [0x00000007c0000000, 0x00000007caa80000, 0x00000007eaa80000)
  object space 174592K, 25% used [0x00000007c0000000,0x00000007c2b64188,0x00000007caa80000)
 PSPermGen       total 109568K, used 55038K [0x00000007b0000000, 0x00000007b6b00000, 0x00000007c0000000)
  object space 109568K, 50% used [0x00000007b0000000,0x00000007b35bfb90,0x00000007b6b00000)
Event: 6509.735 GC heap after
Heap after GC invocations=16 (full 2):
 PSYoungGen      total 319488K, used 6544K [0x00000007eaa80000, 0x00000007ffe00000, 0x0000000800000000)
  eden space 292352K, 0% used [0x00000007eaa80000,0x00000007eaa80000,0x00000007fc800000)
  from space 27136K, 24% used [0x00000007fe380000,0x00000007fe9e4030,0x00000007ffe00000)
  to   space 27648K, 0% used [0x00000007fc800000,0x00000007fc800000,0x00000007fe300000)
 ParOldGen       total 174592K, used 44432K [0x00000007c0000000, 0x00000007caa80000, 0x00000007eaa80000)
  object space 174592K, 25% used [0x00000007c0000000,0x00000007c2b64188,0x00000007caa80000)
 PSPermGen       total 109568K, used 55038K [0x00000007b0000000, 0x00000007b6b00000, 0x00000007c0000000)
  object space 109568K, 50% used [0x00000007b0000000,0x00000007b35bfb90,0x00000007b6b00000)
}
Event: 6509.735 GC heap before
{Heap before GC invocations=17 (full 3):
 PSYoungGen      total 319488K, used 6544K [0x00000007eaa80000, 0x00000007ffe00000, 0x0000000800000000)
  eden space 292352K, 0% used [0x00000007eaa80000,0x00000007eaa80000,0x00000007fc800000)
  from space 27136K, 24% used [0x00000007fe380000,0x00000007fe9e4030,0x00000007ffe00000)
  to   space 27648K, 0% used [0x00000007fc800000,0x00000007fc800000,0x00000007fe300000)
 ParOldGen       total 174592K, used 44432K [0x00000007c0000000, 0x00000007caa80000, 0x00000007eaa80000)
  object space 174592K, 25% used [0x00000007c0000000,0x00000007c2b64188,0x00000007caa80000)
 PSPermGen       total 109568K, used 55038K [0x00000007b0000000, 0x00000007b6b00000, 0x00000007c0000000)
  object space 109568K, 50% used [0x00000007b0000000,0x00000007b35bfb90,0x00000007b6b00000)
Event: 6510.307 GC heap after
Heap after GC invocations=17 (full 3):
 PSYoungGen      total 319488K, used 0K [0x00000007eaa80000, 0x00000007ffe00000, 0x0000000800000000)
  eden space 292352K, 0% used [0x00000007eaa80000,0x00000007eaa80000,0x00000007fc800000)
  from space 27136K, 0% used [0x00000007fe380000,0x00000007fe380000,0x00000007ffe00000)
  to   space 27648K, 0% used [0x00000007fc800000,0x00000007fc800000,0x00000007fe300000)
 ParOldGen       total 174592K, used 49894K [0x00000007c0000000, 0x00000007caa80000, 0x00000007eaa80000)
  object space 174592K, 28% used [0x00000007c0000000,0x00000007c30b9a00,0x00000007caa80000)
 PSPermGen       total 110592K, used 55002K [0x00000007b0000000, 0x00000007b6c00000, 0x00000007c0000000)
  object space 110592K, 49% used [0x00000007b0000000,0x00000007b35b6bf0,0x00000007b6c00000)
}

Deoptimization events (10 events):
Event: 6508.908 Thread 0x00007f9a0be80800 Uncommon trap: reason=array_check action=maybe_recompile pc=0x000000010a7c0664 method=java.util.ComparableTimSort.mergeLo(IIII)V @ 236
Event: 6508.908 Thread 0x00007f9a0be80800 Uncommon trap: reason=array_check action=maybe_recompile pc=0x000000010a7c0664 method=java.util.ComparableTimSort.mergeLo(IIII)V @ 236
Event: 6508.947 Thread 0x00007f9a0be80800 Uncommon trap: reason=array_check action=maybe_recompile pc=0x000000010a7a4f10 method=java.util.ComparableTimSort.mergeLo(IIII)V @ 583
Event: 6508.976 Thread 0x00007f9a0be80800 Uncommon trap: reason=array_check action=maybe_recompile pc=0x000000010a7a4d90 method=java.util.ComparableTimSort.mergeLo(IIII)V @ 461
Event: 6508.976 Thread 0x00007f9a0be80800 Uncommon trap: reason=array_check action=maybe_recompile pc=0x000000010a7a4f10 method=java.util.ComparableTimSort.mergeLo(IIII)V @ 583
Event: 6509.017 Thread 0x00007f9a0be80800 Uncommon trap: reason=bimorphic action=maybe_recompile pc=0x000000010a49dc48 method=org.codehaus.groovy.util.SingleKeyHashMap.get(Ljava/lang/Object;)Ljava/lang/Object; @ 43
Event: 6509.321 Thread 0x00007f9a0be80800 Uncommon trap: reason=predicate action=maybe_recompile pc=0x000000010a4ced94 method=java.util.LinkedList.toArray([Ljava/lang/Object;)[Ljava/lang/Object; @ 45
Event: 6509.373 Thread 0x00007f9a0be80800 Uncommon trap: reason=predicate action=maybe_recompile pc=0x000000010a7be3c0 method=java.util.ComparableTimSort.mergeHi(IIII)V @ 174
Event: 7419.933 Thread 0x00007f9a0a0ec800 Uncommon trap: reason=class_check action=maybe_recompile pc=0x000000010a31576c method=java.util.regex.Matcher.getTextLength()I @ 4
Event: 7420.068 Thread 0x00007f9a0a0ec800 Uncommon trap: reason=class_check action=maybe_recompile pc=0x000000010a2be470 method=java.lang.Throwable.<init>(Ljava/lang/Throwable;)V @ 24

Internal exceptions (10 events):
Event: 7420.064 Thread 0x00007f9a0a0ec800 Threw 0x00000007ec41ee70 at /Users/java_re/workspace/7u-2-build-macosx-x86_64/jdk7u80/2329/hotspot/src/share/vm/prims/jvm.cpp:1319
Event: 7420.065 Thread 0x00007f9a0a0ec800 Threw 0x00000007ec41fe78 at /Users/java_re/workspace/7u-2-build-macosx-x86_64/jdk7u80/2329/hotspot/src/share/vm/prims/jvm.cpp:1319
Event: 7420.065 Thread 0x00007f9a0a0ec800 Threw 0x00000007ec428dc8 at /Users/java_re/workspace/7u-2-build-macosx-x86_64/jdk7u80/2329/hotspot/src/share/vm/prims/jvm.cpp:1319
Event: 7420.065 Thread 0x00007f9a0a0ec800 Threw 0x00000007ec42f790 at /Users/java_re/workspace/7u-2-build-macosx-x86_64/jdk7u80/2329/hotspot/src/share/vm/prims/jvm.cpp:1319
Event: 7420.065 Thread 0x00007f9a0a0ec800 Threw 0x00000007ec430a20 at /Users/java_re/workspace/7u-2-build-macosx-x86_64/jdk7u80/2329/hotspot/src/share/vm/prims/jvm.cpp:1319
Event: 7420.066 Thread 0x00007f9a0a0ec800 Threw 0x00000007ec43a448 at /Users/java_re/workspace/7u-2-build-macosx-x86_64/jdk7u80/2329/hotspot/src/share/vm/prims/jvm.cpp:1319
Event: 7420.068 Thread 0x00007f9a0a0ec800 Threw 0x00000007ec463b58 at /Users/java_re/workspace/7u-2-build-macosx-x86_64/jdk7u80/2329/hotspot/src/share/vm/prims/jni.cpp:717
Event: 7420.068 Thread 0x00007f9a0a0ec800 Threw 0x00000007ec465420 at /Users/java_re/workspace/7u-2-build-macosx-x86_64/jdk7u80/2329/hotspot/src/share/vm/runtime/reflection.cpp:1030
Event: 7420.069 Thread 0x00007f9a0a0ec800 Threw 0x00000007ec466da8 at /Users/java_re/workspace/7u-2-build-macosx-x86_64/jdk7u80/2329/hotspot/src/share/vm/prims/jvm.cpp:1319
Event: 7420.069 Thread 0x00007f9a0a0ec800 Threw 0x00000007ec4675b8 at /Users/java_re/workspace/7u-2-build-macosx-x86_64/jdk7u80/2329/hotspot/src/share/vm/prims/jvm.cpp:1319

Events (10 events):
Event: 7420.063 loading class 0x00007f9a09dc5840 done
Event: 7420.064 loading class 0x00007f9a09dc27d0
Event: 7420.064 loading class 0x00007f9a09dc27d0 done
Event: 7420.065 loading class 0x00007f9a09dc2850
Event: 7420.065 loading class 0x00007f9a09dc2850 done
Event: 7420.068 Thread 0x00007f9a0a0ec800 Uncommon trap: trap_request=0xffffffde fr.pc=0x000000010a2be470
Event: 7420.068 Thread 0x00007f9a0a0ec800 DEOPT PACKING pc=0x000000010a2be470 sp=0x0000000114a82260
Event: 7420.068 Thread 0x00007f9a0a0ec800 DEOPT UNPACKING pc=0x000000010a239045 sp=0x0000000114a82238 mode 2
Event: 7420.068 loading class 0x00007f9a09d60be0
Event: 7420.068 loading class 0x00007f9a09d60be0 done


Dynamic libraries:
0x0000000005797000 	/System/Library/Frameworks/Cocoa.framework/Versions/A/Cocoa
0x0000000005797000 	/System/Library/Frameworks/Security.framework/Versions/A/Security
0x0000000005797000 	/System/Library/Frameworks/ApplicationServices.framework/Versions/A/ApplicationServices
0x0000000005797000 	/usr/lib/libz.1.dylib
0x0000000005797000 	/usr/lib/libSystem.B.dylib
0x0000000005797000 	/usr/lib/libobjc.A.dylib
0x0000000005797000 	/System/Library/Frameworks/CoreFoundation.framework/Versions/A/CoreFoundation
0x0000000005797000 	/System/Library/Frameworks/Foundation.framework/Versions/C/Foundation
0x0000000005797000 	/System/Library/Frameworks/AppKit.framework/Versions/C/AppKit
0x0000000005797000 	/System/Library/Frameworks/CoreData.framework/Versions/A/CoreData
0x0000000005797000 	/System/Library/PrivateFrameworks/RemoteViewServices.framework/Versions/A/RemoteViewServices
0x0000000005797000 	/System/Library/PrivateFrameworks/UIFoundation.framework/Versions/A/UIFoundation
0x0000000005797000 	/System/Library/Frameworks/IOSurface.framework/Versions/A/IOSurface
0x0000000005797000 	/System/Library/Frameworks/AudioToolbox.framework/Versions/A/AudioToolbox
0x0000000005797000 	/System/Library/Frameworks/AudioUnit.framework/Versions/A/AudioUnit
0x0000000005797000 	/System/Library/PrivateFrameworks/DataDetectorsCore.framework/Versions/A/DataDetectorsCore
0x0000000005797000 	/System/Library/PrivateFrameworks/DesktopServicesPriv.framework/Versions/A/DesktopServicesPriv
0x0000000005797000 	/System/Library/Frameworks/Carbon.framework/Versions/A/Frameworks/HIToolbox.framework/Versions/A/HIToolbox
0x0000000005797000 	/System/Library/Frameworks/QuartzCore.framework/Versions/A/QuartzCore
0x0000000005797000 	/System/Library/Frameworks/Carbon.framework/Versions/A/Frameworks/SpeechRecognition.framework/Versions/A/SpeechRecognition
0x0000000005797000 	/usr/lib/libauto.dylib
0x0000000005797000 	/usr/lib/libicucore.A.dylib
0x0000000005797000 	/usr/lib/libxml2.2.dylib
0x0000000005797000 	/System/Library/PrivateFrameworks/CoreUI.framework/Versions/A/CoreUI
0x0000000005797000 	/System/Library/Frameworks/CoreAudio.framework/Versions/A/CoreAudio
0x0000000005797000 	/System/Library/Frameworks/DiskArbitration.framework/Versions/A/DiskArbitration
0x0000000005797000 	/usr/lib/liblangid.dylib
0x0000000005797000 	/System/Library/PrivateFrameworks/MultitouchSupport.framework/Versions/A/MultitouchSupport
0x0000000005797000 	/System/Library/Frameworks/IOKit.framework/Versions/A/IOKit
0x0000000005797000 	/usr/lib/libDiagnosticMessagesClient.dylib
0x0000000005797000 	/System/Library/Frameworks/CoreServices.framework/Versions/A/CoreServices
0x0000000005797000 	/System/Library/PrivateFrameworks/PerformanceAnalysis.framework/Versions/A/PerformanceAnalysis
0x0000000005797000 	/System/Library/PrivateFrameworks/GenerationalStorage.framework/Versions/A/GenerationalStorage
0x0000000005797000 	/System/Library/Frameworks/OpenGL.framework/Versions/A/OpenGL
0x0000000005797000 	/System/Library/PrivateFrameworks/Sharing.framework/Versions/A/Sharing
0x0000000005797000 	/System/Library/Frameworks/CoreGraphics.framework/Versions/A/CoreGraphics
0x0000000005797000 	/System/Library/Frameworks/CoreText.framework/Versions/A/CoreText
0x0000000005797000 	/System/Library/Frameworks/ImageIO.framework/Versions/A/ImageIO
0x0000000005797000 	/usr/lib/libextension.dylib
0x0000000005797000 	/System/Library/PrivateFrameworks/Backup.framework/Versions/A/Backup
0x0000000005797000 	/usr/lib/libarchive.2.dylib
0x0000000005797000 	/System/Library/Frameworks/CFNetwork.framework/Versions/A/CFNetwork
0x0000000005797000 	/System/Library/Frameworks/SystemConfiguration.framework/Versions/A/SystemConfiguration
0x0000000005797000 	/usr/lib/libCRFSuite.dylib
0x0000000005797000 	/usr/lib/libc++.1.dylib
0x0000000005797000 	/usr/lib/libc++abi.dylib
0x0000000005797000 	/usr/lib/system/libcache.dylib
0x0000000005797000 	/usr/lib/system/libcommonCrypto.dylib
0x0000000005797000 	/usr/lib/system/libcompiler_rt.dylib
0x0000000005797000 	/usr/lib/system/libcopyfile.dylib
0x0000000005797000 	/usr/lib/system/libcorecrypto.dylib
0x0000000005797000 	/usr/lib/system/libdispatch.dylib
0x0000000005797000 	/usr/lib/system/libdyld.dylib
0x0000000005797000 	/usr/lib/system/libkeymgr.dylib
0x0000000005797000 	/usr/lib/system/liblaunch.dylib
0x0000000005797000 	/usr/lib/system/libmacho.dylib
0x0000000005797000 	/usr/lib/system/libquarantine.dylib
0x0000000005797000 	/usr/lib/system/libremovefile.dylib
0x0000000005797000 	/usr/lib/system/libsystem_asl.dylib
0x0000000005797000 	/usr/lib/system/libsystem_blocks.dylib
0x0000000005797000 	/usr/lib/system/libsystem_c.dylib
0x0000000005797000 	/usr/lib/system/libsystem_configuration.dylib
0x0000000005797000 	/usr/lib/system/libsystem_coreservices.dylib
0x0000000005797000 	/usr/lib/system/libsystem_coretls.dylib
0x0000000005797000 	/usr/lib/system/libsystem_dnssd.dylib
0x0000000005797000 	/usr/lib/system/libsystem_info.dylib
0x0000000005797000 	/usr/lib/system/libsystem_kernel.dylib
0x0000000005797000 	/usr/lib/system/libsystem_m.dylib
0x0000000005797000 	/usr/lib/system/libsystem_malloc.dylib
0x0000000005797000 	/usr/lib/system/libsystem_network.dylib
0x0000000005797000 	/usr/lib/system/libsystem_networkextension.dylib
0x0000000005797000 	/usr/lib/system/libsystem_notify.dylib
0x0000000005797000 	/usr/lib/system/libsystem_platform.dylib
0x0000000005797000 	/usr/lib/system/libsystem_pthread.dylib
0x0000000005797000 	/usr/lib/system/libsystem_sandbox.dylib
0x0000000005797000 	/usr/lib/system/libsystem_secinit.dylib
0x0000000005797000 	/usr/lib/system/libsystem_stats.dylib
0x0000000005797000 	/usr/lib/system/libsystem_trace.dylib
0x0000000005797000 	/usr/lib/system/libunc.dylib
0x0000000005797000 	/usr/lib/system/libunwind.dylib
0x0000000005797000 	/usr/lib/system/libxpc.dylib
0x0000000005797000 	/usr/lib/libbz2.1.0.dylib
0x0000000005797000 	/usr/lib/liblzma.5.dylib
0x0000000005797000 	/usr/lib/libbsm.0.dylib
0x0000000005797000 	/usr/lib/libsqlite3.dylib
0x0000000005797000 	/usr/lib/system/libkxld.dylib
0x0000000005797000 	/usr/lib/libxar.1.dylib
0x0000000005797000 	/usr/lib/libpam.2.dylib
0x0000000005797000 	/usr/lib/libOpenScriptingUtil.dylib
0x0000000005797000 	/System/Library/Frameworks/CoreServices.framework/Versions/A/Frameworks/FSEvents.framework/Versions/A/FSEvents
0x0000000005797000 	/System/Library/Frameworks/CoreServices.framework/Versions/A/Frameworks/CarbonCore.framework/Versions/A/CarbonCore
0x0000000005797000 	/System/Library/Frameworks/CoreServices.framework/Versions/A/Frameworks/Metadata.framework/Versions/A/Metadata
0x0000000005797000 	/System/Library/Frameworks/CoreServices.framework/Versions/A/Frameworks/OSServices.framework/Versions/A/OSServices
0x0000000005797000 	/System/Library/Frameworks/CoreServices.framework/Versions/A/Frameworks/SearchKit.framework/Versions/A/SearchKit
0x0000000005797000 	/System/Library/Frameworks/CoreServices.framework/Versions/A/Frameworks/AE.framework/Versions/A/AE
0x0000000005797000 	/System/Library/Frameworks/CoreServices.framework/Versions/A/Frameworks/LaunchServices.framework/Versions/A/LaunchServices
0x0000000005797000 	/System/Library/Frameworks/CoreServices.framework/Versions/A/Frameworks/DictionaryServices.framework/Versions/A/DictionaryServices
0x0000000005797000 	/System/Library/Frameworks/NetFS.framework/Versions/A/NetFS
0x0000000005797000 	/System/Library/PrivateFrameworks/NetAuth.framework/Versions/A/NetAuth
0x0000000005797000 	/System/Library/PrivateFrameworks/login.framework/Versions/A/Frameworks/loginsupport.framework/Versions/A/loginsupport
0x0000000005797000 	/System/Library/PrivateFrameworks/TCC.framework/Versions/A/TCC
0x0000000005797000 	/usr/lib/libmecabra.dylib
0x0000000005797000 	/System/Library/Frameworks/ApplicationServices.framework/Versions/A/Frameworks/ATS.framework/Versions/A/ATS
0x0000000005797000 	/System/Library/Frameworks/ApplicationServices.framework/Versions/A/Frameworks/ColorSync.framework/Versions/A/ColorSync
0x0000000005797000 	/System/Library/Frameworks/ApplicationServices.framework/Versions/A/Frameworks/HIServices.framework/Versions/A/HIServices
0x0000000005797000 	/System/Library/Frameworks/ApplicationServices.framework/Versions/A/Frameworks/LangAnalysis.framework/Versions/A/LangAnalysis
0x0000000005797000 	/System/Library/Frameworks/ApplicationServices.framework/Versions/A/Frameworks/PrintCore.framework/Versions/A/PrintCore
0x0000000005797000 	/System/Library/Frameworks/ApplicationServices.framework/Versions/A/Frameworks/QD.framework/Versions/A/QD
0x0000000005797000 	/System/Library/Frameworks/ApplicationServices.framework/Versions/A/Frameworks/SpeechSynthesis.framework/Versions/A/SpeechSynthesis
0x0000000005797000 	/System/Library/Frameworks/Accelerate.framework/Versions/A/Accelerate
0x0000000005797000 	/System/Library/Frameworks/Accelerate.framework/Versions/A/Frameworks/vImage.framework/Versions/A/vImage
0x0000000005797000 	/System/Library/Frameworks/Accelerate.framework/Versions/A/Frameworks/vecLib.framework/Versions/A/vecLib
0x0000000005797000 	/System/Library/Frameworks/Accelerate.framework/Versions/A/Frameworks/vecLib.framework/Versions/A/libvDSP.dylib
0x0000000005797000 	/System/Library/Frameworks/Accelerate.framework/Versions/A/Frameworks/vecLib.framework/Versions/A/libvMisc.dylib
0x0000000005797000 	/System/Library/Frameworks/Accelerate.framework/Versions/A/Frameworks/vecLib.framework/Versions/A/libLAPACK.dylib
0x0000000005797000 	/System/Library/Frameworks/Accelerate.framework/Versions/A/Frameworks/vecLib.framework/Versions/A/libBLAS.dylib
0x0000000005797000 	/System/Library/Frameworks/Accelerate.framework/Versions/A/Frameworks/vecLib.framework/Versions/A/libLinearAlgebra.dylib
0x0000000005797000 	/System/Library/Frameworks/ApplicationServices.framework/Versions/A/Frameworks/ATS.framework/Versions/A/Resources/libFontParser.dylib
0x0000000005797000 	/System/Library/Frameworks/ApplicationServices.framework/Versions/A/Frameworks/ATS.framework/Versions/A/Resources/libFontRegistry.dylib
0x0000000005797000 	/System/Library/PrivateFrameworks/AppleVPA.framework/Versions/A/AppleVPA
0x0000000005797000 	/System/Library/PrivateFrameworks/AppleJPEG.framework/Versions/A/AppleJPEG
0x0000000005797000 	/System/Library/Frameworks/ImageIO.framework/Versions/A/Resources/libJPEG.dylib
0x0000000005797000 	/System/Library/Frameworks/ImageIO.framework/Versions/A/Resources/libTIFF.dylib
0x0000000005797000 	/System/Library/Frameworks/ImageIO.framework/Versions/A/Resources/libPng.dylib
0x0000000005797000 	/System/Library/Frameworks/ImageIO.framework/Versions/A/Resources/libGIF.dylib
0x0000000005797000 	/System/Library/Frameworks/ImageIO.framework/Versions/A/Resources/libJP2.dylib
0x0000000005797000 	/System/Library/Frameworks/ImageIO.framework/Versions/A/Resources/libRadiance.dylib
0x0000000005797000 	/System/Library/Frameworks/CoreVideo.framework/Versions/A/CoreVideo
0x0000000005797000 	/System/Library/Frameworks/OpenGL.framework/Versions/A/Libraries/libGLU.dylib
0x0000000005797000 	/System/Library/Frameworks/OpenGL.framework/Versions/A/Libraries/libGFXShared.dylib
0x0000000005797000 	/System/Library/Frameworks/OpenGL.framework/Versions/A/Libraries/libGL.dylib
0x0000000005797000 	/System/Library/Frameworks/OpenGL.framework/Versions/A/Libraries/libGLImage.dylib
0x0000000005797000 	/System/Library/Frameworks/OpenGL.framework/Versions/A/Libraries/libCVMSPluginSupport.dylib
0x0000000005797000 	/System/Library/Frameworks/OpenGL.framework/Versions/A/Libraries/libCoreVMClient.dylib
0x0000000005797000 	/usr/lib/libcups.2.dylib
0x0000000005797000 	/System/Library/Frameworks/Kerberos.framework/Versions/A/Kerberos
0x0000000005797000 	/System/Library/Frameworks/GSS.framework/Versions/A/GSS
0x0000000005797000 	/usr/lib/libresolv.9.dylib
0x0000000005797000 	/usr/lib/libiconv.2.dylib
0x0000000005797000 	/System/Library/PrivateFrameworks/Heimdal.framework/Versions/A/Heimdal
0x0000000005797000 	/usr/lib/libheimdal-asn1.dylib
0x0000000005797000 	/System/Library/Frameworks/OpenDirectory.framework/Versions/A/OpenDirectory
0x0000000005797000 	/System/Library/PrivateFrameworks/CommonAuth.framework/Versions/A/CommonAuth
0x0000000005797000 	/System/Library/Frameworks/OpenDirectory.framework/Versions/A/Frameworks/CFOpenDirectory.framework/Versions/A/CFOpenDirectory
0x0000000005797000 	/System/Library/Frameworks/SecurityFoundation.framework/Versions/A/SecurityFoundation
0x0000000005797000 	/System/Library/PrivateFrameworks/LanguageModeling.framework/Versions/A/LanguageModeling
0x0000000005797000 	/usr/lib/libcmph.dylib
0x0000000005797000 	/System/Library/Frameworks/ServiceManagement.framework/Versions/A/ServiceManagement
0x0000000005797000 	/usr/lib/libxslt.1.dylib
0x0000000005797000 	/System/Library/Frameworks/Carbon.framework/Versions/A/Frameworks/Ink.framework/Versions/A/Ink
0x0000000005797000 	/System/Library/Frameworks/QuartzCore.framework/Versions/A/Frameworks/CoreImage.framework/Versions/A/CoreImage
0x0000000005797000 	/System/Library/PrivateFrameworks/CrashReporterSupport.framework/Versions/A/CrashReporterSupport
0x0000000005797000 	/System/Library/Frameworks/OpenCL.framework/Versions/A/OpenCL
0x0000000005797000 	/System/Library/PrivateFrameworks/FaceCore.framework/Versions/A/FaceCore
0x0000000005797000 	/System/Library/PrivateFrameworks/Ubiquity.framework/Versions/A/Ubiquity
0x0000000005797000 	/System/Library/PrivateFrameworks/IconServices.framework/Versions/A/IconServices
0x0000000005797000 	/System/Library/PrivateFrameworks/ChunkingLibrary.framework/Versions/A/ChunkingLibrary
0x0000000005797000 	/System/Library/PrivateFrameworks/Apple80211.framework/Versions/A/Apple80211
0x0000000005797000 	/System/Library/Frameworks/CoreWLAN.framework/Versions/A/CoreWLAN
0x0000000005797000 	/System/Library/Frameworks/IOBluetooth.framework/Versions/A/IOBluetooth
0x0000000005797000 	/System/Library/PrivateFrameworks/CoreWiFi.framework/Versions/A/CoreWiFi
0x0000000005797000 	/System/Library/Frameworks/CoreBluetooth.framework/Versions/A/CoreBluetooth
0x0000000005797000 	/System/Library/PrivateFrameworks/DebugSymbols.framework/Versions/A/DebugSymbols
0x0000000005797000 	/System/Library/PrivateFrameworks/CoreSymbolication.framework/Versions/A/CoreSymbolication
0x0000000005797000 	/System/Library/PrivateFrameworks/Symbolication.framework/Versions/A/Symbolication
0x0000000005797000 	/System/Library/PrivateFrameworks/SpeechRecognitionCore.framework/Versions/A/SpeechRecognitionCore
0x0000000108db2000 	/Library/Java/JavaVirtualMachines/jdk1.7.0_80.jdk/Contents/Home/jre/lib/server/libjvm.dylib
0x0000000005797000 	/usr/lib/libstdc++.6.dylib
0x0000000109931000 	/Library/Java/JavaVirtualMachines/jdk1.7.0_80.jdk/Contents/Home/jre/lib/libverify.dylib
0x000000010993e000 	/Library/Java/JavaVirtualMachines/jdk1.7.0_80.jdk/Contents/Home/jre/lib/libjava.dylib
0x0000000109978000 	/Library/Java/JavaVirtualMachines/jdk1.7.0_80.jdk/Contents/Home/jre/lib/libzip.dylib
0x00000001099e3000 	/System/Library/Frameworks/JavaVM.framework/Frameworks/JavaRuntimeSupport.framework/JavaRuntimeSupport
0x0000000111b1d000 	/System/Library/Frameworks/JavaVM.framework/Versions/A/Frameworks/JavaNativeFoundation.framework/Versions/A/JavaNativeFoundation
0x0000000111b31000 	/System/Library/Frameworks/JavaVM.framework/Versions/A/JavaVM
0x0000000005797000 	/System/Library/Frameworks/Carbon.framework/Versions/A/Carbon
0x0000000111b3d000 	/System/Library/PrivateFrameworks/JavaLaunching.framework/Versions/A/JavaLaunching
0x0000000005797000 	/System/Library/Frameworks/Carbon.framework/Versions/A/Frameworks/CommonPanels.framework/Versions/A/CommonPanels
0x0000000005797000 	/System/Library/Frameworks/Carbon.framework/Versions/A/Frameworks/Help.framework/Versions/A/Help
0x0000000005797000 	/System/Library/Frameworks/Carbon.framework/Versions/A/Frameworks/ImageCapture.framework/Versions/A/ImageCapture
0x0000000005797000 	/System/Library/Frameworks/Carbon.framework/Versions/A/Frameworks/OpenScripting.framework/Versions/A/OpenScripting
0x0000000005797000 	/System/Library/Frameworks/Carbon.framework/Versions/A/Frameworks/Print.framework/Versions/A/Print
0x0000000005797000 	/System/Library/Frameworks/Carbon.framework/Versions/A/Frameworks/SecurityHI.framework/Versions/A/SecurityHI
0x0000000113c3d000 	/Library/Java/JavaVirtualMachines/jdk1.7.0_80.jdk/Contents/Home/jre/lib/libnet.dylib
0x0000000113c54000 	/Library/Java/JavaVirtualMachines/jdk1.7.0_80.jdk/Contents/Home/jre/lib/libnio.dylib
0x0000000113c63000 	/Users/vladimir/.gradle/native/19/osx-amd64/libnative-platform.dylib
0x0000000113d36000 	/Library/Java/JavaVirtualMachines/jdk1.7.0_80.jdk/Contents/Home/jre/lib/libmanagement.dylib
0x0000000114653000 	/Library/Java/JavaVirtualMachines/jdk1.7.0_80.jdk/Contents/Home/jre/lib/libsunec.dylib

VM Arguments:
jvm_args: -XX:MaxPermSize=256m -XX:+HeapDumpOnOutOfMemoryError -Xmx1024m -Dfile.encoding=UTF-8 -Duser.country=US -Duser.language=en -Duser.variant 
java_command: org.gradle.launcher.daemon.bootstrap.GradleDaemon 2.4 /Users/vladimir/.gradle /Users/vladimir/.gradle/daemon 10800000 da8ad669-eb67-496a-b764-93a2a9e0338d -XX:MaxPermSize=256m -XX:+HeapDumpOnOutOfMemoryError -Xmx1024m -Dfile.encoding=UTF-8 -Duser.country=US -Duser.language=en -Duser.variant
Launcher Type: SUN_STANDARD

Environment Variables:
PATH=/usr/bin:/bin:/usr/sbin:/sbin
SHELL=/bin/bash
DISPLAY=/private/tmp/com.apple.launchd.FosWcl0BpC/org.macosforge.xquartz:0

Signal Handlers:
SIGSEGV: [libjvm.dylib+0x52e8c9], sa_mask[0]=0xfffefeff, sa_flags=0x00000043
SIGBUS: [libjvm.dylib+0x52e8c9], sa_mask[0]=0xfffefeff, sa_flags=0x00000042
SIGFPE: [libjvm.dylib+0x42022e], sa_mask[0]=0xfffefeff, sa_flags=0x00000042
SIGPIPE: [libjvm.dylib+0x42022e], sa_mask[0]=0xfffefeff, sa_flags=0x00000042
SIGXFSZ: [libjvm.dylib+0x42022e], sa_mask[0]=0xfffefeff, sa_flags=0x00000042
SIGILL: [libjvm.dylib+0x42022e], sa_mask[0]=0xfffefeff, sa_flags=0x00000042
SIGUSR1: SIG_DFL, sa_mask[0]=0x00000000, sa_flags=0x00000000
SIGUSR2: [libjvm.dylib+0x41fd20], sa_mask[0]=0x00000004, sa_flags=0x00000042
SIGHUP: [libjvm.dylib+0x41dfd5], sa_mask[0]=0xfffefeff, sa_flags=0x00000042
SIGINT: [libjvm.dylib+0x41dfd5], sa_mask[0]=0xfffefeff, sa_flags=0x00000042
SIGTERM: [libjvm.dylib+0x41dfd5], sa_mask[0]=0xfffefeff, sa_flags=0x00000042
SIGQUIT: [libjvm.dylib+0x41dfd5], sa_mask[0]=0xfffefeff, sa_flags=0x00000042


---------------  S Y S T E M  ---------------

OS:Bsduname:Darwin 14.5.0 Darwin Kernel Version 14.5.0: Tue Sep  1 21:23:09 PDT 2015; root:xnu-2782.50.1~1/RELEASE_X86_64 x86_64
rlimit: STACK 8192k, CORE 0k, NPROC 709, NOFILE 10240, AS infinity
load average:3.73 2.63 2.51

CPU:total 4 (2 cores per cpu, 2 threads per core) family 6 model 61 stepping 4, cmov, cx8, fxsr, mmx, sse, sse2, sse3, ssse3, sse4.1, sse4.2, popcnt, avx, avx2, aes, erms, ht, tsc, tscinvbit

Memory: 4k page, physical 16777216k(4194304k free)

/proc/meminfo:


vm_info: Java HotSpot(TM) 64-Bit Server VM (24.80-b11) for bsd-amd64 JRE (1.7.0_80-b15), built on Apr 10 2015 11:25:43 by "java_re" with gcc 4.2.1 (Based on Apple Inc. build 5658) (LLVM build 2336.11.00)

time: Thu Nov 19 13:47:34 2015
elapsed time: 7420 seconds

